<?xml version="1.0" encoding="UTF-8"?>
<!-- Generated by org.testng.reporters.JUnitReportReporter -->
<testsuite hostname="WS429" failures="0" tests="5" name="ex.NewTest" time="8.391" errors="0" timestamp="2020-10-15T11:41:12 ICT" skipped="0">
  <testcase classname="ex.NewTest" name="a" time="2.611"/>
  <system-out/>
  <testcase classname="ex.NewTest" name="a" time="0.612"/>
  <system-out/>
  <testcase classname="ex.NewTest" name="a" time="2.943"/>
  <system-out/>
  <testcase classname="ex.NewTest" name="a" time="0.602"/>
  <system-out/>
  <testcase classname="ex.NewTest" name="a" time="1.623"/>
  <system-out/>
</testsuite> <!-- ex.NewTest -->
