<?xml version="1.0" encoding="UTF-8"?>
<!-- Generated by org.testng.reporters.JUnitReportReporter -->
<testsuite hostname="WS429" failures="0" tests="1" name="ex.NewTest" time="0.000" errors="0" timestamp="2020-10-14T17:18:03 ICT" skipped="1">
  <testcase classname="ex.NewTest" name="f" time="0.000">
    <skipped/>
  </testcase> <!-- f -->
  <system-out/>
</testsuite> <!-- ex.NewTest -->
