<?xml version="1.0" encoding="UTF-8"?>
<!-- Generated by org.testng.reporters.JUnitReportReporter -->
<testsuite hostname="WS429" failures="0" tests="9" name="ex.NewTest" time="11.134" errors="0" timestamp="2020-10-15T11:11:42 ICT" skipped="0">
  <testcase classname="ex.NewTest" name="f" time="1.880"/>
  <system-out/>
  <testcase classname="ex.NewTest" name="f" time="0.462"/>
  <system-out/>
  <testcase classname="ex.NewTest" name="f1" time="0.646"/>
  <system-out/>
  <testcase classname="ex.NewTest" name="f1" time="1.620"/>
  <system-out/>
  <testcase classname="ex.NewTest" name="f" time="0.783"/>
  <system-out/>
  <testcase classname="ex.NewTest" name="f" time="1.334"/>
  <system-out/>
  <testcase classname="ex.NewTest" name="f" time="0.495"/>
  <system-out/>
  <testcase classname="ex.NewTest" name="f1" time="3.076"/>
  <system-out/>
  <testcase classname="ex.NewTest" name="f1" time="0.838"/>
  <system-out/>
</testsuite> <!-- ex.NewTest -->
