<?xml version="1.0" encoding="UTF-8"?>
<!-- Generated by org.testng.reporters.JUnitReportReporter -->
<testsuite hostname="WS429" failures="0" tests="10" name="ex.NewTest" time="7.283" errors="0" timestamp="2020-10-15T15:29:09 ICT" skipped="1">
  <testcase classname="ex.NewTest" name="f1" time="0.815"/>
  <system-out/>
  <testcase classname="ex.NewTest" name="b" time="0.000">
    <skipped/>
  </testcase> <!-- b -->
  <system-out/>
  <testcase classname="ex.NewTest" name="f1" time="0.475"/>
  <system-out/>
  <testcase classname="ex.NewTest" name="f1" time="0.497"/>
  <system-out/>
  <testcase classname="ex.NewTest" name="a" time="0.570"/>
  <system-out/>
  <testcase classname="ex.NewTest" name="a" time="2.937"/>
  <system-out/>
  <testcase classname="ex.NewTest" name="a" time="0.546"/>
  <system-out/>
  <testcase classname="ex.NewTest" name="a" time="0.482"/>
  <system-out/>
  <testcase classname="ex.NewTest" name="f1" time="0.483"/>
  <system-out/>
  <testcase classname="ex.NewTest" name="a" time="0.478"/>
  <system-out/>
</testsuite> <!-- ex.NewTest -->
